<?xml version="1.0" encoding="UTF-8"?>
<!-- Generated by org.testng.reporters.JUnitReportReporter -->
<testsuite hostname="DESKTOP-NDR2GDP" failures="0" tests="1" name="com.inetBanking.testCases.TC_AddCustomerTest_003" time="11.937" errors="0" timestamp="2022-01-27T11:46:17 CET" skipped="0">
  <testcase classname="com.inetBanking.testCases.TC_AddCustomerTest_003" name="addNewCustomer" time="11.937"/>
  <system-out/>
</testsuite> <!-- com.inetBanking.testCases.TC_AddCustomerTest_003 -->
