<?xml version="1.0" encoding="UTF-8"?>
<!-- Generated by org.testng.reporters.JUnitReportReporter -->
<testsuite hostname="DESKTOP-NDR2GDP" failures="0" tests="1" name="com.inetBanking.testCases.TC_LoginTest_001" time="2.420" errors="0" timestamp="2022-01-27T11:50:26 CET" skipped="0">
  <testcase classname="com.inetBanking.testCases.TC_LoginTest_001" name="loginTest" time="2.420"/>
  <system-out/>
</testsuite> <!-- com.inetBanking.testCases.TC_LoginTest_001 -->
