<?xml version="1.0" encoding="UTF-8"?>
<!-- Generated by org.testng.reporters.JUnitReportReporter -->
<testsuite hostname="DESKTOP-NDR2GDP" failures="0" tests="1" name="com.inetBanking.testCases.TC_EditCustomerTest_004" time="6.966" errors="0" timestamp="2022-01-27T12:19:11 CET" skipped="0">
  <testcase classname="com.inetBanking.testCases.TC_EditCustomerTest_004" name="editCustomerTest" time="6.966"/>
  <system-out/>
</testsuite> <!-- com.inetBanking.testCases.TC_EditCustomerTest_004 -->
